app/seeds.txt
com.froyo.playcity.chenzhou.ActActivity
com.froyo.playcity.chenzhou.ActActivity: ActActivity()
com.froyo.playcity.chenzhou.FragmentAbout
com.froyo.playcity.chenzhou.FragmentAbout: android.content.Context context
com.froyo.playcity.chenzhou.FragmentAbout: android.widget.TextView appVersion
com.froyo.playcity.chenzhou.FragmentAbout: FragmentAbout()
com.froyo.playcity.chenzhou.FragmentAbout: android.view.View onCreateView(android.view.LayoutInflater,android.view.ViewGroup,android.os.Bundle)
com.froyo.playcity.chenzhou.FragmentAbout: void init()
com.froyo.playcity.chenzhou.FragmentAbout: java.lang.String getVersionName()
com.froyo.playcity.chenzhou.FragmentActivity
com.froyo.playcity.chenzhou.FragmentActivity: FragmentActivity()
com.froyo.playcity.chenzhou.FragmentActivity: android.view.View getLayoutView(android.view.LayoutInflater,android.view.ViewGroup,android.os.Bundle)
com.froyo.playcity.chenzhou.FragmentActivity: void prepare()
com.froyo.playcity.chenzhou.FragmentActivity: void initAdapter()
com.froyo.playcity.chenzhou.FragmentActivity: void getSlideData()
com.froyo.playcity.chenzhou.FragmentActivity: void getListData()
com.froyo.playcity.chenzhou.FragmentHome
com.froyo.playcity.chenzhou.FragmentHome: FragmentHome()
com.froyo.playcity.chenzhou.FragmentHome: android.view.View getLayoutView(android.view.LayoutInflater,android.view.ViewGroup,android.os.Bundle)
com.froyo.playcity.chenzhou.FragmentHome: void prepare()
com.froyo.playcity.chenzhou.FragmentHome: void initAdapter()
com.froyo.playcity.chenzhou.FragmentHome: void getListData()
com.froyo.playcity.chenzhou.FragmentHome: void getSlideData()
com.froyo.playcity.chenzhou.FragmentHome: void bindAction()
com.froyo.playcity.chenzhou.FragmentLife
com.froyo.playcity.chenzhou.FragmentLife: android.view.View view
com.froyo.playcity.chenzhou.FragmentLife: android.content.Context context
com.froyo.playcity.chenzhou.FragmentLife: android.widget.LinearLayout tea
com.froyo.playcity.chenzhou.FragmentLife: android.widget.LinearLayout movie
com.froyo.playcity.chenzhou.FragmentLife: android.widget.LinearLayout cosmetology
com.froyo.playcity.chenzhou.FragmentLife: android.widget.LinearLayout hotel
com.froyo.playcity.chenzhou.FragmentLife: android.widget.LinearLayout agritainmen
com.froyo.playcity.chenzhou.FragmentLife: android.widget.LinearLayout ktv
com.froyo.playcity.chenzhou.FragmentLife: android.widget.LinearLayout restaurants
com.froyo.playcity.chenzhou.FragmentLife: android.widget.LinearLayout shop
com.froyo.playcity.chenzhou.FragmentLife: android.widget.LinearLayout hospital
com.froyo.playcity.chenzhou.FragmentLife: android.widget.LinearLayout photostudio
com.froyo.playcity.chenzhou.FragmentLife: android.view.View$OnClickListener pioClick
com.froyo.playcity.chenzhou.FragmentLife: FragmentLife()
com.froyo.playcity.chenzhou.FragmentLife: android.view.View onCreateView(android.view.LayoutInflater,android.view.ViewGroup,android.os.Bundle)
com.froyo.playcity.chenzhou.FragmentLife: void init()
com.froyo.playcity.chenzhou.FragmentLife: android.content.Context access$000(com.froyo.playcity.chenzhou.FragmentLife)
com.froyo.playcity.chenzhou.FragmentNews
com.froyo.playcity.chenzhou.FragmentNews: FragmentNews()
com.froyo.playcity.chenzhou.FragmentNews: android.view.View getLayoutView(android.view.LayoutInflater,android.view.ViewGroup,android.os.Bundle)
com.froyo.playcity.chenzhou.FragmentNews: void prepare()
com.froyo.playcity.chenzhou.FragmentNews: void initAdapter()
com.froyo.playcity.chenzhou.FragmentNews: void bindAction()
com.froyo.playcity.chenzhou.FragmentNews: void getSlideData()
com.froyo.playcity.chenzhou.FragmentNews: void getListData()
com.froyo.playcity.chenzhou.LocalPoiActivity
com.froyo.playcity.chenzhou.LocalPoiActivity: LocalPoiActivity()
com.froyo.playcity.chenzhou.LoginActivity
com.froyo.playcity.chenzhou.LoginActivity: LoginActivity()
...
android.support.v7.internal.widget.ViewStubCompat
android.support.v7.internal.widget.ViewStubCompat: ViewStubCompat(android.content.Context,android.util.AttributeSet)
android.support.v7.internal.widget.ViewStubCompat: ViewStubCompat(android.content.Context,android.util.AttributeSet,int)
android.support.v7.internal.widget.ViewStubCompat: int getInflatedId()
android.support.v7.internal.widget.ViewStubCompat: void setInflatedId(int)
android.support.v7.internal.widget.ViewStubCompat: int getLayoutResource()
android.support.v7.internal.widget.ViewStubCompat: void setLayoutResource(int)
android.support.v7.internal.widget.ViewStubCompat: void setLayoutInflater(android.view.LayoutInflater)
android.support.v7.internal.widget.ViewStubCompat: android.view.LayoutInflater getLayoutInflater()
android.support.v7.internal.widget.ViewStubCompat: void setVisibility(int)
android.support.v7.internal.widget.ViewStubCompat: void setOnInflateListener(android.support.v7.internal.widget.ViewStubCompat$OnInflateListener)
android.support.v7.view.ActionMode: java.lang.Object mTag
android.support.v7.view.ActionMode: boolean mTitleOptionalHint
android.support.v7.view.ActionMode: ActionMode()
android.support.v7.view.ActionMode: void setTag(java.lang.Object)
android.support.v7.view.ActionMode: java.lang.Object getTag()
android.support.v7.view.ActionMode: void setTitle(java.lang.CharSequence)
android.support.v7.view.ActionMode: void setTitle(int)
android.support.v7.view.ActionMode: void setSubtitle(java.lang.CharSequence)
android.support.v7.view.ActionMode: void setSubtitle(int)
android.support.v7.view.ActionMode: void setTitleOptionalHint(boolean)
android.support.v7.view.ActionMode: boolean getTitleOptionalHint()
android.support.v7.view.ActionMode: boolean isTitleOptional()
android.support.v7.view.ActionMode: void setCustomView(android.view.View)
android.support.v7.view.ActionMode: void invalidate()
android.support.v7.view.ActionMode: void finish()
android.support.v7.view.ActionMode: android.view.Menu getMenu()
android.support.v7.view.ActionMode: java.lang.CharSequence getTitle()
android.support.v7.view.ActionMode: java.lang.CharSequence getSubtitle()
android.support.v7.view.ActionMode: android.view.View getCustomView()
android.support.v7.view.ActionMode: android.view.MenuInflater getMenuInflater()
android.support.v7.view.ActionMode: boolean isUiFocusable()
android.support.v7.widget.ActionMenuPresenter
android.support.v7.widget.ActionMenuPresenter: java.lang.String TAG
android.support.v7.widget.ActionMenuPresenter: android.view.View mOverflowButton
android.support.v7.widget.ActionMenuPresenter: boolean mReserveOverflow
android.support.v7.widget.ActionMenuPresenter: boolean mReserveOverflowSet
android.support.v7.widget.ActionMenuPresenter: int mWidthLimit
android.support.v7.widget.ActionMenuPresenter: int mActionItemWidthLimit
android.support.v7.widget.ActionMenuPresenter: int mMaxItems
android.support.v7.widget.ActionMenuPresenter: boolean mMaxItemsSet
android.support.v7.widget.ActionMenuPresenter: boolean mStrictWidthLimit
android.support.v7.widget.ActionMenuPresenter: boolean mWidthLimitSet
android.support.v7.widget.ActionMenuPresenter: boolean mExpandedActionViewsExclusive
android.support.v7.widget.ActionMenuPresenter: int mMinCellSize
android.support.v7.widget.ActionMenuPresenter: android.util.SparseBooleanArray mActionButtonGroups
android.support.v7.widget.ActionMenuPresenter: android.view.View mScrapActionButtonView
android.support.v7.widget.ActionMenuPresenter: android.support.v7.widget.ActionMenuPresenter$OverflowPopup mOverflowPopup
android.support.v7.widget.ActionMenuPresenter: android.support.v7.widget.ActionMenuPresenter$ActionButtonSubmenu mActionButtonPopup
android.support.v7.widget.ActionMenuPresenter: android.support.v7.widget.ActionMenuPresenter$OpenOverflowRunnable mPostedOpenRunnable
android.support.v7.widget.ActionMenuPresenter$SavedState
android.support.v7.widget.ActionMenuPresenter$SavedState: android.os.Parcelable$Creator CREATOR