app/mapping.txt
com.froyo.playcity.chenzhou.ActActivity -> com.froyo.playcity.chenzhou.ActActivity:
    android.widget.TextView name -> a
    android.widget.TextView address -> b
    android.webkit.WebView content -> c
    android.widget.ImageView back -> d
    com.froyo.playcity.chenzhou.bean.Act act -> e
    me.drakeet.materialdialog.MaterialDialog mMaterialDialog -> f
    void onCreate(android.os.Bundle) -> onCreate
    void bindAction() -> a
    void getData() -> b
    void setData() -> c
    void showToast() -> d
    void closeToast() -> e
    com.froyo.playcity.chenzhou.bean.Act access$002(com.froyo.playcity.chenzhou.ActActivity,com.froyo.playcity.chenzhou.bean.Act) -> a
    void access$100(com.froyo.playcity.chenzhou.ActActivity) -> a
    void access$200(com.froyo.playcity.chenzhou.ActActivity) -> b
com.froyo.playcity.chenzhou.ActActivity$1 -> com.froyo.playcity.chenzhou.a:
    com.froyo.playcity.chenzhou.ActActivity this$0 -> a
    void onClick(android.view.View) -> onClick
com.froyo.playcity.chenzhou.ActActivity$2 -> com.froyo.playcity.chenzhou.b:
    com.froyo.playcity.chenzhou.ActActivity this$0 -> a
    void onResponse(retrofit.Response) -> a
    void onFailure(java.lang.Throwable) -> a
com.froyo.playcity.chenzhou.FragmentAbout -> com.froyo.playcity.chenzhou.FragmentAbout:
    android.content.Context context -> context
    android.widget.TextView appVersion -> appVersion
    android.view.View onCreateView(android.view.LayoutInflater,android.view.ViewGroup,android.os.Bundle) -> onCreateView
    void init() -> init
    java.lang.String getVersionName() -> getVersionName
com.froyo.playcity.chenzhou.FragmentActivity -> com.froyo.playcity.chenzhou.FragmentActivity:
    android.view.View getLayoutView(android.view.LayoutInflater,android.view.ViewGroup,android.os.Bundle) -> getLayoutView
    void prepare() -> prepare
    void initAdapter() -> initAdapter
    void getSlideData() -> getSlideData
    void getListData() -> getListData
com.froyo.playcity.chenzhou.FragmentActivity$1 -> com.froyo.playcity.chenzhou.c:
    com.froyo.playcity.chenzhou.FragmentActivity this$0 -> a
    void convert(com.froyo.view.ViewHolder,com.froyo.playcity.chenzhou.bean.Act) -> a
    void convert(com.froyo.view.ViewHolder,java.lang.Object) -> a
com.froyo.playcity.chenzhou.FragmentActivity$2 -> com.froyo.playcity.chenzhou.d:
    com.froyo.playcity.chenzhou.FragmentActivity this$0 -> a
    void onResponse(retrofit.Response) -> a
    void onFailure(java.lang.Throwable) -> a
com.froyo.playcity.chenzhou.FragmentActivity$3 -> com.froyo.playcity.chenzhou.e:
    com.froyo.playcity.chenzhou.FragmentActivity this$0 -> a
    void onResponse(retrofit.Response) -> a
    void onFailure(java.lang.Throwable) -> a
com.froyo.playcity.chenzhou.FragmentHome -> com.froyo.playcity.chenzhou.FragmentHome:
    android.view.View getLayoutView(android.view.LayoutInflater,android.view.ViewGroup,android.os.Bundle) -> getLayoutView
    void prepare() -> prepare
    void initAdapter() -> initAdapter
    void getListData() -> getListData
    void getSlideData() -> getSlideData
    void bindAction() -> bindAction
com.froyo.playcity.chenzhou.FragmentHome$1 -> com.froyo.playcity.chenzhou.f:
    com.froyo.playcity.chenzhou.FragmentHome this$0 -> a
    void convert(com.froyo.view.ViewHolder,com.froyo.playcity.chenzhou.bean.Act) -> a
    void convert(com.froyo.view.ViewHolder,java.lang.Object) -> a
com.froyo.playcity.chenzhou.FragmentHome$2 -> com.froyo.playcity.chenzhou.g:
    com.froyo.playcity.chenzhou.FragmentHome this$0 -> a
    void onResponse(retrofit.Response) -> a
    void onFailure(java.lang.Throwable) -> a
com.froyo.playcity.chenzhou.FragmentHome$3 -> com.froyo.playcity.chenzhou.h:
    com.froyo.playcity.chenzhou.FragmentHome this$0 -> a
    void onResponse(retrofit.Response) -> a
    void onFailure(java.lang.Throwable) -> a
...
android.support.v4.os.CancellationSignal -> android.support.v4.os.c:
    boolean mIsCanceled -> a
    android.support.v4.os.CancellationSignal$OnCancelListener mOnCancelListener -> b
    java.lang.Object mCancellationSignalObj -> c
    boolean mCancelInProgress -> d
    boolean isCanceled() -> a
    void throwIfCanceled() -> b
    void cancel() -> c
    java.lang.Object getCancellationSignalObject() -> d
android.support.v4.os.CancellationSignal$OnCancelListener -> android.support.v4.os.d:
    void onCancel() -> a
android.support.v4.os.CancellationSignalCompatJellybean -> android.support.v4.os.e:
    java.lang.Object create() -> a
    void cancel(java.lang.Object) -> a
android.support.v4.os.IResultReceiver -> android.support.v4.os.IResultReceiver:
    void send(int,android.os.Bundle) -> a
android.support.v4.os.IResultReceiver$Stub -> android.support.v4.os.IResultReceiver$Stub:
    java.lang.String DESCRIPTOR -> DESCRIPTOR
    int TRANSACTION_send -> TRANSACTION_send
    android.support.v4.os.IResultReceiver asInterface(android.os.IBinder) -> asInterface
    android.os.IBinder asBinder() -> asBinder
    boolean onTransact(int,android.os.Parcel,android.os.Parcel,int) -> onTransact
android.support.v4.os.IResultReceiver$Stub$Proxy -> android.support.v4.os.f:
    android.os.IBinder mRemote -> a
    android.os.IBinder asBinder() -> asBinder
    void send(int,android.os.Bundle) -> a
android.support.v4.os.OperationCanceledException -> android.support.v4.os.OperationCanceledException:
android.support.v4.os.ParcelableCompat -> android.support.v4.os.g:
    android.os.Parcelable$Creator newCreator(android.support.v4.os.ParcelableCompatCreatorCallbacks) -> a
android.support.v4.os.ParcelableCompat$CompatCreator -> android.support.v4.os.h:
    android.support.v4.os.ParcelableCompatCreatorCallbacks mCallbacks -> a
    java.lang.Object createFromParcel(android.os.Parcel) -> createFromParcel
    java.lang.Object[] newArray(int) -> newArray
android.support.v4.os.ParcelableCompatCreatorCallbacks -> android.support.v4.os.i:
    java.lang.Object createFromParcel(android.os.Parcel,java.lang.ClassLoader) -> a
    java.lang.Object[] newArray(int) -> a
android.support.v4.os.ParcelableCompatCreatorHoneycombMR2 -> android.support.v4.os.j:
    android.support.v4.os.ParcelableCompatCreatorCallbacks mCallbacks -> a
    java.lang.Object createFromParcel(android.os.Parcel) -> createFromParcel
    java.lang.Object createFromParcel(android.os.Parcel,java.lang.ClassLoader) -> createFromParcel
    java.lang.Object[] newArray(int) -> newArray
android.support.v4.os.ParcelableCompatCreatorHoneycombMR2Stub -> android.support.v4.os.k:
    android.os.Parcelable$Creator instantiate(android.support.v4.os.ParcelableCompatCreatorCallbacks) -> a
android.support.v4.os.ResultReceiver -> android.support.v4.os.ResultReceiver:
    boolean mLocal -> c
    android.os.Handler mHandler -> d
    android.support.v4.os.IResultReceiver mReceiver -> e
    android.os.Parcelable$Creator CREATOR -> CREATOR
    void onReceiveResult(int,android.os.Bundle) -> a
    int describeContents() -> describeContents
    void writeToParcel(android.os.Parcel,int) -> writeToParcel
android.support.v4.os.ResultReceiver$1 -> android.support.v4.os.l:
    android.support.v4.os.ResultReceiver createFromParcel(android.os.Parcel) -> a
    android.support.v4.os.ResultReceiver[] newArray(int) -> a
    java.lang.Object[] newArray(int) -> newArray
    java.lang.Object createFromParcel(android.os.Parcel) -> createFromParcel
android.support.v4.os.ResultReceiver$MyResultReceiver -> android.support.v4.os.m:
    android.support.v4.os.ResultReceiver this$0 -> a
    void send(int,android.os.Bundle) -> a
android.support.v4.os.ResultReceiver$MyRunnable -> android.support.v4.os.n:
    int mResultCode -> a
    android.os.Bundle mResultData -> b
    android.support.v4.os.ResultReceiver this$0 -> c
    void run() -> run