app/unused.txt
com.froyo.playcity.chenzhou.ActActivity:
    android.widget.TextView date
com.froyo.playcity.chenzhou.ActActivity$$ViewBinder
com.froyo.playcity.chenzhou.BuildConfig
com.froyo.playcity.chenzhou.FragmentAbout$$ViewBinder
com.froyo.playcity.chenzhou.FragmentLife$$ViewBinder
com.froyo.playcity.chenzhou.LocalPoiActivity$$ViewBinder
com.froyo.playcity.chenzhou.LoginActivity$$ViewBinder
com.froyo.playcity.chenzhou.MyBaseFragment$$ViewBinder
com.froyo.playcity.chenzhou.NewsActivity$$ViewBinder
com.froyo.playcity.chenzhou.R
com.froyo.playcity.chenzhou.R$anim
com.froyo.playcity.chenzhou.R$attr
com.froyo.playcity.chenzhou.R$bool
com.froyo.playcity.chenzhou.R$color
com.froyo.playcity.chenzhou.R$dimen
com.froyo.playcity.chenzhou.R$drawable
com.froyo.playcity.chenzhou.R$id
com.froyo.playcity.chenzhou.R$integer
com.froyo.playcity.chenzhou.R$layout
com.froyo.playcity.chenzhou.R$menu
com.froyo.playcity.chenzhou.R$mipmap
com.froyo.playcity.chenzhou.R$string
com.froyo.playcity.chenzhou.R$style
com.froyo.playcity.chenzhou.R$styleable
com.froyo.playcity.chenzhou.api.Api:
    71:75:public void getNews(retrofit.Callback,int,int)
com.froyo.playcity.chenzhou.api.ApiInterface
com.froyo.playcity.chenzhou.bean.Act:
    private java.lang.String date
    private java.lang.String city
    private java.lang.String type
    private java.lang.String picture
    private java.lang.String source
    private java.lang.String createdAt
    private java.lang.String updatedAt
    40:41:public void setId(java.lang.String)
    44:45:public void setTitle(java.lang.String)
    48:49:public void setDate(java.lang.String)
    52:53:public void setAddress(java.lang.String)
    56:57:public void setSummary(java.lang.String)
    60:61:public void setIntro(java.lang.String)
    64:65:public void setCity(java.lang.String)
    68:69:public void setType(java.lang.String)
    72:73:public void setPicture(java.lang.String)
    76:77:public void setImg(java.lang.String)
    80:81:public void setSource(java.lang.String)
    84:85:public void setCreatedAt(java.lang.String)
    88:89:public void setUpdatedAt(java.lang.String)
    100:100:public java.lang.String getDate()
    116:116:public java.lang.String getCity()
    120:120:public java.lang.String getType()
    124:124:public java.lang.String getPicture()
    132:132:public java.lang.String getSource()
    136:136:public java.lang.String getCreatedAt()
    140:140:public java.lang.String getUpdatedAt()
com.froyo.playcity.chenzhou.bean.Banner:
    private java.lang.String id
    private java.lang.String model
    private java.lang.String model_id
    private java.lang.String createdAt
    private java.lang.String updatedAt
    23:24:public void setId(java.lang.String)
    27:28:public void setName(java.lang.String)
    31:32:public void setImg(com.froyo.playcity.chenzhou.bean.Banner$ImgEntity)
    35:36:public void setModel(java.lang.String)
    39:40:public void setModel_id(java.lang.String)
    43:44:public void setCreatedAt(java.lang.String)
    47:48:public void setUpdatedAt(java.lang.String)
    51:51:public java.lang.String getId()
    63:63:public java.lang.String getModel()
    67:67:public java.lang.String getModel_id()
    71:71:public java.lang.String getCreatedAt()
    75:75:public java.lang.String getUpdatedAt()
com.froyo.playcity.chenzhou.bean.Banner$ImgEntity:
    private java.lang.String name
    private java.lang.String id
    78:78:public Banner$ImgEntity()
    84:85:public void setUrl(java.lang.String)
    88:89:public void setName(java.lang.String)
    92:93:public void setId(java.lang.String)
    100:100:public java.lang.String getName()
    104:104:public java.lang.String getId()
com.froyo.playcity.chenzhou.bean.News$PicEntity
...
com.squareup.okhttp.Dispatcher:
    37:54:public Dispatcher(java.util.concurrent.ExecutorService)
    75:80:public synchronized void setMaxRequests(int)
    83:83:public synchronized int getMaxRequests()
    96:101:public synchronized void setMaxRequestsPerHost(int)
    104:104:public synchronized int getMaxRequestsPerHost()
    118:137:public synchronized void cancel(java.lang.Object)
    182:182:public synchronized int getRunningCallCount()
    186:186:public synchronized int getQueuedCallCount()
com.squareup.okhttp.Handshake:
    88:89:public java.security.Principal peerPrincipal()
    100:101:public java.security.Principal localPrincipal()
com.squareup.okhttp.Headers:
    99:103:public java.util.Set names()
    135:145:public java.util.Map toMultimap()
    190:211:public static com.squareup.okhttp.Headers of(java.util.Map)
com.squareup.okhttp.Headers$Builder:
    236:240:public com.squareup.okhttp.Headers$Builder add(java.lang.String)
    303:308:public java.lang.String get(java.lang.String)
com.squareup.okhttp.HttpUrl:
    static final java.lang.String USERNAME_ENCODE_SET
    static final java.lang.String PASSWORD_ENCODE_SET
    static final java.lang.String PATH_SEGMENT_ENCODE_SET
    static final java.lang.String QUERY_ENCODE_SET
    static final java.lang.String QUERY_COMPONENT_ENCODE_SET
    static final java.lang.String FORM_ENCODE_SET
    static final java.lang.String FRAGMENT_ENCODE_SET
    358:358:public java.lang.String username()
    371:371:public java.lang.String password()
    412:412:public int pathSize()
    446:446:public java.util.List pathSegments()
    507:507:public int querySize()
    515:521:public java.lang.String queryParameter(java.lang.String)
    525:530:public java.util.Set queryParameterNames()
    534:541:public java.util.List queryParameterValues(java.lang.String)
    545:545:public java.lang.String queryParameterName(int)
    549:549:public java.lang.String queryParameterValue(int)
    559:559:public java.lang.String fragment()
    599:599:public static com.squareup.okhttp.HttpUrl get(java.net.URL)
    603:603:public static com.squareup.okhttp.HttpUrl get(java.net.URI)
com.squareup.okhttp.HttpUrl$Builder:
    646:648:public com.squareup.okhttp.HttpUrl$Builder username(java.lang.String)
    652:654:public com.squareup.okhttp.HttpUrl$Builder encodedUsername(java.lang.String)
    658:660:public com.squareup.okhttp.HttpUrl$Builder password(java.lang.String)
    664:666:public com.squareup.okhttp.HttpUrl$Builder encodedPassword(java.lang.String)
    692:694:public com.squareup.okhttp.HttpUrl$Builder addPathSegment(java.lang.String)
    698:702:public com.squareup.okhttp.HttpUrl$Builder addEncodedPathSegment(java.lang.String)
    706:713:public com.squareup.okhttp.HttpUrl$Builder setPathSegment(int,java.lang.String)
    717:726:public com.squareup.okhttp.HttpUrl$Builder setEncodedPathSegment(int,java.lang.String)
    730:734:public com.squareup.okhttp.HttpUrl$Builder removePathSegment(int)
    738:743:public com.squareup.okhttp.HttpUrl$Builder encodedPath(java.lang.String)
    747:750:public com.squareup.okhttp.HttpUrl$Builder query(java.lang.String)
    784:786:public com.squareup.okhttp.HttpUrl$Builder setQueryParameter(java.lang.String,java.lang.String)
    790:792:public com.squareup.okhttp.HttpUrl$Builder setEncodedQueryParameter(java.lang.String,java.lang.String)
    796:800:public com.squareup.okhttp.HttpUrl$Builder removeAllQueryParameters(java.lang.String)
    804:808:public com.squareup.okhttp.HttpUrl$Builder removeAllEncodedQueryParameters(java.lang.String)
    812:822:private void removeAllCanonicalQueryParameters(java.lang.String)
com.squareup.okhttp.Interceptor$Chain:
    public abstract com.squareup.okhttp.Request request()
    public abstract com.squareup.okhttp.Connection connection()